<?xml version="1.0" encoding="utf-8"?><testsuites name="pytest tests"><testsuite name="pytest" errors="0" failures="0" skipped="0" tests="57" time="0.741" timestamp="2025-07-29T12:00:18.870838+02:00" hostname="DESKTOP-3QOLC10"><testcase classname="tests.chiller.test_chiller.TestChiller" name="test_chiller_initialization_default" time="0.003" /><testcase classname="tests.chiller.test_chiller.TestChiller" name="test_chiller_initialization_custom" time="0.001" /><testcase classname="tests.chiller.test_chiller.TestChiller" name="test_get_status" time="0.002" /><testcase classname="tests.chiller.test_chiller.TestChiller" name="test_connect_success" time="0.003" /><testcase classname="tests.chiller.test_chiller.TestChiller" name="test_connect_failure" time="0.004" /><testcase classname="tests.chiller.test_chiller.TestChiller" name="test_disconnect_success" time="0.002" /><testcase classname="tests.chiller.test_chiller.TestChiller" name="test_disconnect_no_connection" time="0.002" /><testcase classname="tests.chiller.test_chiller.TestChiller" name="test_read_dev_success" time="0.003" /><testcase classname="tests.chiller.test_chiller.TestChiller" name="test_read_dev_not_connected" time="0.002" /><testcase classname="tests.chiller.test_chiller.TestChiller" name="test_set_param_success" time="0.002" /><testcase classname="tests.chiller.test_chiller.TestChiller" name="test_set_param_failure" time="0.003" /><testcase classname="tests.chiller.test_chiller.TestChiller" name="test_set_param_not_connected" time="0.002" /><testcase classname="tests.chiller.test_chiller.TestChiller" name="test_read_temp" time="0.002" /><testcase classname="tests.chiller.test_chiller.TestChiller" name="test_read_set_temp" time="0.002" /><testcase classname="tests.chiller.test_chiller.TestChiller" name="test_read_pump_level" time="0.002" /><testcase classname="tests.chiller.test_chiller.TestChiller" name="test_read_cooling" time="0.002" /><testcase classname="tests.chiller.test_chiller.TestChiller" name="test_read_keylock" time="0.002" /><testcase classname="tests.chiller.test_chiller.TestChiller" name="test_read_running" time="0.003" /><testcase classname="tests.chiller.test_chiller.TestChiller" name="test_read_status" time="0.003" /><testcase classname="tests.chiller.test_chiller.TestChiller" name="test_read_stat_diagnose" time="0.002" /><testcase classname="tests.chiller.test_chiller.TestChiller" name="test_set_temperature" time="0.002" /><testcase classname="tests.chiller.test_chiller.TestChiller" name="test_set_pump_level_valid" time="0.003" /><testcase classname="tests.chiller.test_chiller.TestChiller" name="test_set_pump_level_invalid" time="0.002" /><testcase classname="tests.chiller.test_chiller.TestChiller" name="test_set_keylock" time="0.002" /><testcase classname="tests.chiller.test_chiller.TestChiller" name="test_start_device" time="0.002" /><testcase classname="tests.chiller.test_chiller.TestChiller" name="test_stop_device" time="0.002" /><testcase classname="tests.chiller.test_chiller.TestChiller" name="test_custom_logger" time="0.002" /><testcase classname="tests.chiller.test_chiller.TestChillerCommands" name="test_read_commands" time="0.001" /><testcase classname="tests.chiller.test_chiller.TestChillerCommands" name="test_write_commands" time="0.001" /><testcase classname="tests.chiller.test_chiller.TestChillerIntegration" name="test_full_operation_cycle" time="0.004" /><testcase classname="tests.chiller.test_chiller.TestChillerIntegration" name="test_error_handling_without_connection" time="0.002" /><testcase classname="tests.chiller.test_chiller.TestChillerIntegration" name="test_logger_creation_and_usage" time="0.003" /><testcase classname="tests.chiller.test_chiller.TestChillerIntegration" name="test_internal_thread_mode_initialization" time="0.002" /><testcase classname="tests.chiller.test_chiller.TestChillerIntegration" name="test_external_thread_mode_initialization" time="0.002" /><testcase classname="tests.chiller.test_chiller.TestChillerIntegration" name="test_enable_file_logging_existing_handler" time="0.003" /><testcase classname="tests.chiller.test_chiller.TestChillerIntegration" name="test_start_housekeeping_internal_mode_success" time="0.005" /><testcase classname="tests.chiller.test_chiller.TestChillerIntegration" name="test_start_housekeeping_external_mode_success" time="0.004" /><testcase classname="tests.chiller.test_chiller.TestChillerIntegration" name="test_start_housekeeping_default_interval" time="0.003" /><testcase classname="tests.chiller.test_chiller.TestChillerIntegration" name="test_start_housekeeping_not_connected" time="0.002" /><testcase classname="tests.chiller.test_chiller.TestChillerIntegration" name="test_start_housekeeping_already_running" time="0.002" /><testcase classname="tests.chiller.test_chiller.TestChillerIntegration" name="test_stop_housekeeping_internal_mode" time="0.003" /><testcase classname="tests.chiller.test_chiller.TestChillerIntegration" name="test_stop_housekeeping_external_mode" time="0.002" /><testcase classname="tests.chiller.test_chiller.TestChillerIntegration" name="test_stop_housekeeping_not_running" time="0.002" /><testcase classname="tests.chiller.test_chiller.TestChillerIntegration" name="test_do_housekeeping_cycle_success" time="0.003" /><testcase classname="tests.chiller.test_chiller.TestChillerIntegration" name="test_do_housekeeping_cycle_not_running" time="0.002" /><testcase classname="tests.chiller.test_chiller.TestChillerIntegration" name="test_do_housekeeping_cycle_not_connected" time="0.004" /><testcase classname="tests.chiller.test_chiller.TestChillerIntegration" name="test_do_housekeeping_cycle_exception" time="0.002" /><testcase classname="tests.chiller.test_chiller.TestChillerIntegration" name="test_should_continue_housekeeping_true" time="0.002" /><testcase classname="tests.chiller.test_chiller.TestChillerIntegration" name="test_should_continue_housekeeping_false_not_running" time="0.002" /><testcase classname="tests.chiller.test_chiller.TestChillerIntegration" name="test_should_continue_housekeeping_false_stop_event" time="0.003" /><testcase classname="tests.chiller.test_chiller.TestChillerIntegration" name="test_hk_worker_function" time="0.003" /><testcase classname="tests.chiller.test_chiller.TestChillerIntegration" name="test_get_status_with_threading_info" time="0.002" /><testcase classname="tests.chiller.test_chiller.TestChillerIntegration" name="test_thread_safety_concurrent_access" time="0.002" /><testcase classname="tests.chiller.test_chiller.TestChillerIntegration" name="test_disconnect_stops_housekeeping" time="0.003" /><testcase classname="tests.chiller.test_chiller.TestChillerIntegration" name="test_cleanup_destructor" time="0.002" /><testcase classname="tests.chiller.test_chiller.TestChillerIntegration" name="test_threading_attributes_consistency" time="0.003" /><testcase classname="tests.chiller.test_chiller.TestChillerIntegration" name="test_interval_parameter_handling" time="0.006" /></testsuite></testsuites>